<?xml version="1.0" encoding="UTF-8"?>
<testsuite name="gradle_example.LibraryTest" tests="1" skipped="0" failures="0" errors="0" timestamp="2024-11-15T11:19:51" hostname="DESKTOP-0AOCCTE" time="0.021">
  <properties/>
  <testcase name="testSomeLibraryMethod()" classname="gradle_example.LibraryTest" time="0.021"/>
  <system-out><![CDATA[Testing works
]]></system-out>
  <system-err><![CDATA[]]></system-err>
</testsuite>
